[debug] [2021-06-17T07:31:52.351Z] ----------------------------------------------------------------------
[debug] [2021-06-17T07:31:52.353Z] Command:       C:\Program Files\nodejs\node.exe C:\Program Files\nodejs\node_modules\firebase-tools\lib\bin\firebase.js deploy
[debug] [2021-06-17T07:31:52.354Z] CLI Version:   9.12.1
[debug] [2021-06-17T07:31:52.354Z] Platform:      win32
[debug] [2021-06-17T07:31:52.354Z] Node Version:  v16.0.0
[debug] [2021-06-17T07:31:52.355Z] Time:          Thu Jun 17 2021 17:31:52 GMT+1000 (Australian Eastern Standard Time)
[debug] [2021-06-17T07:31:52.355Z] ----------------------------------------------------------------------
[debug] 
[debug] [2021-06-17T07:31:52.362Z] > command requires scopes: ["email","openid","https://www.googleapis.com/auth/cloudplatformprojects.readonly","https://www.googleapis.com/auth/firebase","https://www.googleapis.com/auth/cloud-platform"]
[debug] [2021-06-17T07:31:52.363Z] > authorizing via signed-in user (moonbe77@gmail.com)
[debug] [2021-06-17T07:31:52.363Z] [iam] checking project bmunz-316708 for permissions ["cloudfunctions.functions.create","cloudfunctions.functions.delete","cloudfunctions.functions.get","cloudfunctions.functions.list","cloudfunctions.functions.update","cloudfunctions.operations.get","firebase.projects.get"]
[debug] [2021-06-17T07:31:52.364Z] >>> HTTP REQUEST POST https://cloudresourcemanager.googleapis.com/v1/projects/bmunz-316708:testIamPermissions  
 {"permissions":["cloudfunctions.functions.create","cloudfunctions.functions.delete","cloudfunctions.functions.get","cloudfunctions.functions.list","cloudfunctions.functions.update","cloudfunctions.operations.get","firebase.projects.get"]}
[debug] [2021-06-17T07:31:52.739Z] <<< HTTP RESPONSE 200 {"content-type":"application/json; charset=UTF-8","vary":"X-Origin, Referer, Origin,Accept-Encoding","date":"Thu, 17 Jun 2021 07:31:52 GMT","server":"ESF","cache-control":"private","x-xss-protection":"0","x-frame-options":"SAMEORIGIN","x-content-type-options":"nosniff","server-timing":"gfet4t7; dur=210","alt-svc":"h3=\":443\"; ma=2592000,h3-29=\":443\"; ma=2592000,h3-T051=\":443\"; ma=2592000,h3-Q050=\":443\"; ma=2592000,h3-Q046=\":443\"; ma=2592000,h3-Q043=\":443\"; ma=2592000,quic=\":443\"; ma=2592000; v=\"46,43\"","accept-ranges":"none","transfer-encoding":"chunked"}
[debug] [2021-06-17T07:31:52.741Z] >>> HTTP REQUEST POST https://iam.googleapis.com/v1/projects/bmunz-316708/serviceAccounts/bmunz-316708@appspot.gserviceaccount.com:testIamPermissions  
 {"permissions":["iam.serviceAccounts.actAs"]}
[debug] [2021-06-17T07:31:53.277Z] <<< HTTP RESPONSE 200 {"content-type":"application/json; charset=UTF-8","vary":"X-Origin, Referer, Origin,Accept-Encoding","date":"Thu, 17 Jun 2021 07:31:53 GMT","server":"ESF","cache-control":"private","x-xss-protection":"0","x-frame-options":"SAMEORIGIN","x-content-type-options":"nosniff","alt-svc":"h3=\":443\"; ma=2592000,h3-29=\":443\"; ma=2592000,h3-T051=\":443\"; ma=2592000,h3-Q050=\":443\"; ma=2592000,h3-Q046=\":443\"; ma=2592000,h3-Q043=\":443\"; ma=2592000,quic=\":443\"; ma=2592000; v=\"46,43\"","accept-ranges":"none","transfer-encoding":"chunked"}
[info] 
[info] === Deploying to 'bmunz-316708'...
[info] 
[info] i  deploying functions 
[info] i  functions: ensuring required API cloudfunctions.googleapis.com is enabled... 
[info] i  functions: ensuring required API cloudbuild.googleapis.com is enabled... 
[debug] [2021-06-17T07:31:56.316Z] >>> HTTP REQUEST GET https://serviceusage.googleapis.com/v1/projects/bmunz-316708/services/cloudfunctions.googleapis.com  
 
[debug] [2021-06-17T07:31:56.316Z] >>> HTTP REQUEST GET https://serviceusage.googleapis.com/v1/projects/bmunz-316708/services/runtimeconfig.googleapis.com  
 
[debug] [2021-06-17T07:31:56.316Z] >>> HTTP REQUEST GET https://serviceusage.googleapis.com/v1/projects/bmunz-316708/services/cloudbuild.googleapis.com  
 
[debug] [2021-06-17T07:31:57.633Z] <<< HTTP RESPONSE 200 {"content-type":"application/json; charset=UTF-8","vary":"X-Origin, Referer, Origin,Accept-Encoding","date":"Thu, 17 Jun 2021 07:31:57 GMT","server":"ESF","cache-control":"private","x-xss-protection":"0","x-frame-options":"SAMEORIGIN","x-content-type-options":"nosniff","alt-svc":"h3=\":443\"; ma=2592000,h3-29=\":443\"; ma=2592000,h3-T051=\":443\"; ma=2592000,h3-Q050=\":443\"; ma=2592000,h3-Q046=\":443\"; ma=2592000,h3-Q043=\":443\"; ma=2592000,quic=\":443\"; ma=2592000; v=\"46,43\"","accept-ranges":"none","transfer-encoding":"chunked"}
[debug] [2021-06-17T07:31:57.637Z] <<< HTTP RESPONSE 200 {"content-type":"application/json; charset=UTF-8","vary":"X-Origin, Referer, Origin,Accept-Encoding","date":"Thu, 17 Jun 2021 07:31:57 GMT","server":"ESF","cache-control":"private","x-xss-protection":"0","x-frame-options":"SAMEORIGIN","x-content-type-options":"nosniff","alt-svc":"h3=\":443\"; ma=2592000,h3-29=\":443\"; ma=2592000,h3-T051=\":443\"; ma=2592000,h3-Q050=\":443\"; ma=2592000,h3-Q046=\":443\"; ma=2592000,h3-Q043=\":443\"; ma=2592000,quic=\":443\"; ma=2592000; v=\"46,43\"","accept-ranges":"none","transfer-encoding":"chunked"}
[info] +  functions: required API cloudbuild.googleapis.com is enabled 
[debug] [2021-06-17T07:31:57.850Z] <<< HTTP RESPONSE 200 {"content-type":"application/json; charset=UTF-8","vary":"X-Origin, Referer, Origin,Accept-Encoding","date":"Thu, 17 Jun 2021 07:31:57 GMT","server":"ESF","cache-control":"private","x-xss-protection":"0","x-frame-options":"SAMEORIGIN","x-content-type-options":"nosniff","alt-svc":"h3=\":443\"; ma=2592000,h3-29=\":443\"; ma=2592000,h3-T051=\":443\"; ma=2592000,h3-Q050=\":443\"; ma=2592000,h3-Q046=\":443\"; ma=2592000,h3-Q043=\":443\"; ma=2592000,quic=\":443\"; ma=2592000; v=\"46,43\"","accept-ranges":"none","transfer-encoding":"chunked"}
[info] +  functions: required API cloudfunctions.googleapis.com is enabled 
[debug] [2021-06-17T07:31:57.852Z] >>> HTTP REQUEST GET https://firebase.googleapis.com/v1beta1/projects/bmunz-316708/adminSdkConfig  
 
[debug] [2021-06-17T07:31:58.541Z] <<< HTTP RESPONSE 200 {"content-type":"application/json; charset=UTF-8","vary":"X-Origin, Referer, Origin,Accept-Encoding","date":"Thu, 17 Jun 2021 07:31:58 GMT","server":"ESF","cache-control":"private","x-xss-protection":"0","x-frame-options":"SAMEORIGIN","x-content-type-options":"nosniff","alt-svc":"h3=\":443\"; ma=2592000,h3-29=\":443\"; ma=2592000,h3-T051=\":443\"; ma=2592000,h3-Q050=\":443\"; ma=2592000,h3-Q046=\":443\"; ma=2592000,h3-Q043=\":443\"; ma=2592000,quic=\":443\"; ma=2592000; v=\"46,43\"","accept-ranges":"none","transfer-encoding":"chunked"}
[info] i  functions: preparing functions directory for uploading... 
[debug] [2021-06-17T07:31:58.543Z] >>> HTTP REQUEST GET https://runtimeconfig.googleapis.com/v1beta1/projects/bmunz-316708/configs  
 
[debug] [2021-06-17T07:32:00.202Z] <<< HTTP RESPONSE 200 {"content-type":"application/json; charset=UTF-8","vary":"X-Origin, Referer, Origin,Accept-Encoding","date":"Thu, 17 Jun 2021 07:32:00 GMT","server":"ESF","cache-control":"private","x-xss-protection":"0","x-frame-options":"SAMEORIGIN","x-content-type-options":"nosniff","alt-svc":"h3=\":443\"; ma=2592000,h3-29=\":443\"; ma=2592000,h3-T051=\":443\"; ma=2592000,h3-Q050=\":443\"; ma=2592000,h3-Q046=\":443\"; ma=2592000,h3-Q043=\":443\"; ma=2592000,quic=\":443\"; ma=2592000; v=\"46,43\"","accept-ranges":"none","transfer-encoding":"chunked"}
[debug] [2021-06-17T07:32:00.203Z] Analyizing backend with strategy parseJSExports
[info] i  functions: packaged functions (87.07 KB) for uploading 
[debug] [2021-06-17T07:32:00.676Z] > [functions] package.json contents: {
  "name": "functions",
  "description": "Cloud Functions for Firebase",
  "scripts": {
    "lint": "eslint .",
    "serve": "firebase emulators:start --only functions",
    "shell": "firebase functions:shell",
    "start": "npm run shell",
    "deploy": "firebase deploy --only functions",
    "logs": "firebase functions:log"
  },
  "engines": {
    "node": "14"
  },
  "main": "index.js",
  "dependencies": {
    "actions-on-google": "^2.14.0",
    "cors": "^2.8.5",
    "dialogflow": "^1.2.0",
    "dialogflow-fulfillment": "^0.6.1",
    "firebase-admin": "^9.8.0",
    "firebase-functions": "^3.14.1"
  },
  "devDependencies": {
    "eslint": "^7.6.0",
    "eslint-config-google": "^0.14.0",
    "firebase-functions-test": "^0.2.0"
  },
  "private": true
}
[debug] [2021-06-17T07:32:00.678Z] >>> HTTP REQUEST GET https://cloudfunctions.googleapis.com/v1/projects/bmunz-316708/locations/-/functions  
 
[debug] [2021-06-17T07:32:01.521Z] <<< HTTP RESPONSE 200 {"content-type":"application/json; charset=UTF-8","vary":"X-Origin, Referer, Origin,Accept-Encoding","date":"Thu, 17 Jun 2021 07:32:01 GMT","server":"ESF","cache-control":"private","x-xss-protection":"0","x-frame-options":"SAMEORIGIN","x-content-type-options":"nosniff","alt-svc":"h3=\":443\"; ma=2592000,h3-29=\":443\"; ma=2592000,h3-T051=\":443\"; ma=2592000,h3-Q050=\":443\"; ma=2592000,h3-Q046=\":443\"; ma=2592000,h3-Q043=\":443\"; ma=2592000,quic=\":443\"; ma=2592000; v=\"46,43\"","accept-ranges":"none","transfer-encoding":"chunked"}
[debug] [2021-06-17T07:32:01.522Z] [functions] found 1 new HTTP functions, testing setIamPolicy permission...
[debug] [2021-06-17T07:32:01.522Z] >>> HTTP REQUEST POST https://cloudresourcemanager.googleapis.com/v1/projects/bmunz-316708:testIamPermissions  
 {"permissions":["cloudfunctions.functions.setIamPolicy"]}
[debug] [2021-06-17T07:32:01.949Z] <<< HTTP RESPONSE 200 {"content-type":"application/json; charset=UTF-8","vary":"X-Origin, Referer, Origin,Accept-Encoding","date":"Thu, 17 Jun 2021 07:32:01 GMT","server":"ESF","cache-control":"private","x-xss-protection":"0","x-frame-options":"SAMEORIGIN","x-content-type-options":"nosniff","server-timing":"gfet4t7; dur=192","alt-svc":"h3=\":443\"; ma=2592000,h3-29=\":443\"; ma=2592000,h3-T051=\":443\"; ma=2592000,h3-Q050=\":443\"; ma=2592000,h3-Q046=\":443\"; ma=2592000,h3-Q043=\":443\"; ma=2592000,quic=\":443\"; ma=2592000; v=\"46,43\"","accept-ranges":"none","transfer-encoding":"chunked"}
[debug] [2021-06-17T07:32:01.950Z] [functions] found setIamPolicy permission, proceeding with deploy
[debug] [2021-06-17T07:32:01.950Z] >>> HTTP REQUEST POST https://cloudfunctions.googleapis.com/v1/projects/bmunz-316708/locations/us-central1/functions:generateUploadUrl  
 
[debug] [2021-06-17T07:32:02.994Z] <<< HTTP RESPONSE 200 {"content-type":"application/json; charset=UTF-8","vary":"X-Origin, Referer, Origin,Accept-Encoding","date":"Thu, 17 Jun 2021 07:32:03 GMT","server":"ESF","cache-control":"private","x-xss-protection":"0","x-frame-options":"SAMEORIGIN","x-content-type-options":"nosniff","alt-svc":"h3=\":443\"; ma=2592000,h3-29=\":443\"; ma=2592000,h3-T051=\":443\"; ma=2592000,h3-Q050=\":443\"; ma=2592000,h3-Q046=\":443\"; ma=2592000,h3-Q043=\":443\"; ma=2592000,quic=\":443\"; ma=2592000; v=\"46,43\"","accept-ranges":"none","transfer-encoding":"chunked"}
[debug] [2021-06-17T07:32:02.994Z] >>> HTTP REQUEST PUT https://storage.googleapis.com/gcf-upload-us-central1-f227c219-eca1-45cc-9619-949c25aa64c7/a0da8608-5653-45d0-a789-3fa874156ef3.zip?GoogleAccessId=service-27019357247@gcf-admin-robot.iam.gserviceaccount.com&Expires=1623916922&Signature=Cil1EPD2l9fGwgtUzZM29nN8ZpEo7HF9Hdi692pAtAW3sdJ9jQAKLXZl8fvwc4pss%2FakK4PYQtZ%2Bv1enDA77ka5Z6XyjifreXSzi2PQydvvKXORydGx%2BIzTn8phzkn32icTe37cBlVv4jeRLMYz0SIrDRiV8GELxmtqZ1IVJ7HBbJo7i%2B3I2CPfE2LmVJtW3OBqKr5E26NSodwyEbDxiihA0jTOfU%2FBbBuF9Hmu%2BlytlWHjFTUouF89TfgAMJsa5m1gvthLGI1G1SzTD9nUSY7%2Bv2kfO1RSSSqBtfIDeHTpxLQp7FpHxq%2FJUXSThmI%2BIfLIbFNNk8HLGgJe%2FXt1pOw%3D%3D  
 <request body omitted>
[debug] [2021-06-17T07:32:04.267Z] <<< HTTP RESPONSE 200 {"x-guploader-uploadid":"ABg5-UzoDLK_ZUIDtwR6EHHoBHOCEjN8ZV4XYqZZvuKvYjsCZI8zEqu3ZRUYoK_StkJR_cIVo6leSPn7lsc5sk6-sPQ","etag":"\"322da84afef3cfdabe70750a801e9511\"","x-goog-generation":"1623915124243292","x-goog-metageneration":"1","x-goog-hash":"crc32c=yFz1uQ==, md5=Mi2oSv7zz9q+cHUKgB6VEQ==","x-goog-stored-content-length":"89159","x-goog-stored-content-encoding":"identity","vary":"Origin","content-length":"0","date":"Thu, 17 Jun 2021 07:32:04 GMT","server":"UploadServer","content-type":"text/html; charset=UTF-8","alt-svc":"h3=\":443\"; ma=2592000,h3-29=\":443\"; ma=2592000,h3-T051=\":443\"; ma=2592000,h3-Q050=\":443\"; ma=2592000,h3-Q046=\":443\"; ma=2592000,h3-Q043=\":443\"; ma=2592000,quic=\":443\"; ma=2592000; v=\"46,43\""}
[info] +  functions: functions folder uploaded successfully 
[info] i  functions: creating Node.js 14 function dialogflowGateway(us-central1)... 
[debug] [2021-06-17T07:32:04.271Z] >>> HTTP REQUEST POST https://cloudfunctions.googleapis.com/v1/projects/bmunz-316708/locations/us-central1/functions  
 {"name":"projects/bmunz-316708/locations/us-central1/functions/dialogflowGateway","sourceUploadUrl":"https://storage.googleapis.com/gcf-upload-us-central1-f227c219-eca1-45cc-9619-949c25aa64c7/a0da8608-5653-45d0-a789-3fa874156ef3.zip?GoogleAccessId=service-27019357247@gcf-admin-robot.iam.gserviceaccount.com&Expires=1623916922&Signature=Cil1EPD2l9fGwgtUzZM29nN8ZpEo7HF9Hdi692pAtAW3sdJ9jQAKLXZl8fvwc4pss%2FakK4PYQtZ%2Bv1enDA77ka5Z6XyjifreXSzi2PQydvvKXORydGx%2BIzTn8phzkn32icTe37cBlVv4jeRLMYz0SIrDRiV8GELxmtqZ1IVJ7HBbJo7i%2B3I2CPfE2LmVJtW3OBqKr5E26NSodwyEbDxiihA0jTOfU%2FBbBuF9Hmu%2BlytlWHjFTUouF89TfgAMJsa5m1gvthLGI1G1SzTD9nUSY7%2Bv2kfO1RSSSqBtfIDeHTpxLQp7FpHxq%2FJUXSThmI%2BIfLIbFNNk8HLGgJe%2FXt1pOw%3D%3D","entryPoint":"dialogflowGateway","runtime":"nodejs14","httpsTrigger":{"securityLevel":"SECURE_OPTIONAL"},"labels":{"deployment-tool":"cli-firebase"},"environmentVariables":{"FIREBASE_CONFIG":"{\"projectId\":\"bmunz-316708\",\"storageBucket\":\"bmunz-316708.appspot.com\"}"}}
[debug] [2021-06-17T07:32:05.339Z] <<< HTTP RESPONSE 200 {"content-type":"application/json; charset=UTF-8","vary":"X-Origin, Referer, Origin,Accept-Encoding","date":"Thu, 17 Jun 2021 07:32:05 GMT","server":"ESF","cache-control":"private","x-xss-protection":"0","x-frame-options":"SAMEORIGIN","x-content-type-options":"nosniff","alt-svc":"h3=\":443\"; ma=2592000,h3-29=\":443\"; ma=2592000,h3-T051=\":443\"; ma=2592000,h3-Q050=\":443\"; ma=2592000,h3-Q046=\":443\"; ma=2592000,h3-Q043=\":443\"; ma=2592000,quic=\":443\"; ma=2592000; v=\"46,43\"","accept-ranges":"none","transfer-encoding":"chunked"}
[debug] [2021-06-17T07:32:05.341Z] > refreshing access token with scopes: []
[debug] [2021-06-17T07:32:05.341Z] >>> HTTP REQUEST POST https://www.googleapis.com/oauth2/v3/token  
 <request body omitted>
[debug] [2021-06-17T07:32:05.608Z] <<< HTTP RESPONSE 200 {"pragma":"no-cache","expires":"Mon, 01 Jan 1990 00:00:00 GMT","cache-control":"no-cache, no-store, max-age=0, must-revalidate","date":"Thu, 17 Jun 2021 07:32:05 GMT","content-type":"application/json; charset=utf-8","vary":"X-Origin, Referer, Origin,Accept-Encoding","server":"scaffolding on HTTPServer2","x-xss-protection":"0","x-frame-options":"SAMEORIGIN","x-content-type-options":"nosniff","alt-svc":"h3=\":443\"; ma=2592000,h3-29=\":443\"; ma=2592000,h3-T051=\":443\"; ma=2592000,h3-Q050=\":443\"; ma=2592000,h3-Q046=\":443\"; ma=2592000,h3-Q043=\":443\"; ma=2592000,quic=\":443\"; ma=2592000; v=\"46,43\"","accept-ranges":"none","transfer-encoding":"chunked"}
[debug] [2021-06-17T07:32:05.631Z] >>> [apiv2][query] GET https://cloudfunctions.googleapis.com/v1/operations/Ym11bnotMzE2NzA4L3VzLWNlbnRyYWwxL2RpYWxvZ2Zsb3dHYXRld2F5L3RHc1FObUVGMjBv [none]
[debug] [2021-06-17T07:32:06.249Z] <<< [apiv2][status] GET https://cloudfunctions.googleapis.com/v1/operations/Ym11bnotMzE2NzA4L3VzLWNlbnRyYWwxL2RpYWxvZ2Zsb3dHYXRld2F5L3RHc1FObUVGMjBv 200
[debug] [2021-06-17T07:32:06.249Z] <<< [apiv2][body] GET https://cloudfunctions.googleapis.com/v1/operations/Ym11bnotMzE2NzA4L3VzLWNlbnRyYWwxL2RpYWxvZ2Zsb3dHYXRld2F5L3RHc1FObUVGMjBv {"name":"operations/Ym11bnotMzE2NzA4L3VzLWNlbnRyYWwxL2RpYWxvZ2Zsb3dHYXRld2F5L3RHc1FObUVGMjBv","metadata":{"@type":"type.googleapis.com/google.cloud.functions.v1.OperationMetadataV1","target":"projects/bmunz-316708/locations/us-central1/functions/dialogflowGateway","type":"CREATE_FUNCTION","request":{"@type":"type.googleapis.com/google.cloud.functions.v1.CloudFunction","name":"projects/bmunz-316708/locations/us-central1/functions/dialogflowGateway","httpsTrigger":{"securityLevel":"SECURE_OPTIONAL"},"entryPoint":"dialogflowGateway","labels":{"deployment-tool":"cli-firebase"},"sourceUploadUrl":"https://storage.googleapis.com/gcf-upload-us-central1-f227c219-eca1-45cc-9619-949c25aa64c7/a0da8608-5653-45d0-a789-3fa874156ef3.zip?GoogleAccessId=service-27019357247@gcf-admin-robot.iam.gserviceaccount.com&Expires=1623916922&Signature=Cil1EPD2l9fGwgtUzZM29nN8ZpEo7HF9Hdi692pAtAW3sdJ9jQAKLXZl8fvwc4pss%2FakK4PYQtZ%2Bv1enDA77ka5Z6XyjifreXSzi2PQydvvKXORydGx%2BIzTn8phzkn32icTe37cBlVv4jeRLMYz0SIrDRiV8GELxmtqZ1IVJ7HBbJo7i%2B3I2CPfE2LmVJtW3OBqKr5E26NSodwyEbDxiihA0jTOfU%2FBbBuF9Hmu%2BlytlWHjFTUouF89TfgAMJsa5m1gvthLGI1G1SzTD9nUSY7%2Bv2kfO1RSSSqBtfIDeHTpxLQp7FpHxq%2FJUXSThmI%2BIfLIbFNNk8HLGgJe%2FXt1pOw%3D%3D","environmentVariables":{"FIREBASE_CONFIG":"{\"projectId\":\"bmunz-316708\",\"storageBucket\":\"bmunz-316708.appspot.com\"}"},"runtime":"nodejs14"},"versionId":"1","updateTime":"2021-06-17T07:32:05Z"}}
[debug] [2021-06-17T07:32:06.755Z] [create-projects/bmunz-316708/locations/us-central1/functions/dialogflowGateway] Retrying task index 0
[debug] [2021-06-17T07:32:06.757Z] >>> [apiv2][query] GET https://cloudfunctions.googleapis.com/v1/operations/Ym11bnotMzE2NzA4L3VzLWNlbnRyYWwxL2RpYWxvZ2Zsb3dHYXRld2F5L3RHc1FObUVGMjBv [none]
[debug] [2021-06-17T07:32:07.344Z] <<< [apiv2][status] GET https://cloudfunctions.googleapis.com/v1/operations/Ym11bnotMzE2NzA4L3VzLWNlbnRyYWwxL2RpYWxvZ2Zsb3dHYXRld2F5L3RHc1FObUVGMjBv 200
[debug] [2021-06-17T07:32:07.344Z] <<< [apiv2][body] GET https://cloudfunctions.googleapis.com/v1/operations/Ym11bnotMzE2NzA4L3VzLWNlbnRyYWwxL2RpYWxvZ2Zsb3dHYXRld2F5L3RHc1FObUVGMjBv {"name":"operations/Ym11bnotMzE2NzA4L3VzLWNlbnRyYWwxL2RpYWxvZ2Zsb3dHYXRld2F5L3RHc1FObUVGMjBv","metadata":{"@type":"type.googleapis.com/google.cloud.functions.v1.OperationMetadataV1","target":"projects/bmunz-316708/locations/us-central1/functions/dialogflowGateway","type":"CREATE_FUNCTION","request":{"@type":"type.googleapis.com/google.cloud.functions.v1.CloudFunction","name":"projects/bmunz-316708/locations/us-central1/functions/dialogflowGateway","httpsTrigger":{"securityLevel":"SECURE_OPTIONAL"},"entryPoint":"dialogflowGateway","labels":{"deployment-tool":"cli-firebase"},"sourceUploadUrl":"https://storage.googleapis.com/gcf-upload-us-central1-f227c219-eca1-45cc-9619-949c25aa64c7/a0da8608-5653-45d0-a789-3fa874156ef3.zip?GoogleAccessId=service-27019357247@gcf-admin-robot.iam.gserviceaccount.com&Expires=1623916922&Signature=Cil1EPD2l9fGwgtUzZM29nN8ZpEo7HF9Hdi692pAtAW3sdJ9jQAKLXZl8fvwc4pss%2FakK4PYQtZ%2Bv1enDA77ka5Z6XyjifreXSzi2PQydvvKXORydGx%2BIzTn8phzkn32icTe37cBlVv4jeRLMYz0SIrDRiV8GELxmtqZ1IVJ7HBbJo7i%2B3I2CPfE2LmVJtW3OBqKr5E26NSodwyEbDxiihA0jTOfU%2FBbBuF9Hmu%2BlytlWHjFTUouF89TfgAMJsa5m1gvthLGI1G1SzTD9nUSY7%2Bv2kfO1RSSSqBtfIDeHTpxLQp7FpHxq%2FJUXSThmI%2BIfLIbFNNk8HLGgJe%2FXt1pOw%3D%3D","environmentVariables":{"FIREBASE_CONFIG":"{\"projectId\":\"bmunz-316708\",\"storageBucket\":\"bmunz-316708.appspot.com\"}"},"runtime":"nodejs14"},"versionId":"1","updateTime":"2021-06-17T07:32:05Z","buildId":"87e530f4-5f61-4537-8125-aa965de97f51","buildName":"projects/27019357247/locations/us-central1/builds/87e530f4-5f61-4537-8125-aa965de97f51"}}
[debug] [2021-06-17T07:32:08.355Z] [create-projects/bmunz-316708/locations/us-central1/functions/dialogflowGateway] Retrying task index 0
[debug] [2021-06-17T07:32:08.355Z] >>> [apiv2][query] GET https://cloudfunctions.googleapis.com/v1/operations/Ym11bnotMzE2NzA4L3VzLWNlbnRyYWwxL2RpYWxvZ2Zsb3dHYXRld2F5L3RHc1FObUVGMjBv [none]
[debug] [2021-06-17T07:32:08.934Z] <<< [apiv2][status] GET https://cloudfunctions.googleapis.com/v1/operations/Ym11bnotMzE2NzA4L3VzLWNlbnRyYWwxL2RpYWxvZ2Zsb3dHYXRld2F5L3RHc1FObUVGMjBv 200
[debug] [2021-06-17T07:32:08.934Z] <<< [apiv2][body] GET https://cloudfunctions.googleapis.com/v1/operations/Ym11bnotMzE2NzA4L3VzLWNlbnRyYWwxL2RpYWxvZ2Zsb3dHYXRld2F5L3RHc1FObUVGMjBv {"name":"operations/Ym11bnotMzE2NzA4L3VzLWNlbnRyYWwxL2RpYWxvZ2Zsb3dHYXRld2F5L3RHc1FObUVGMjBv","metadata":{"@type":"type.googleapis.com/google.cloud.functions.v1.OperationMetadataV1","target":"projects/bmunz-316708/locations/us-central1/functions/dialogflowGateway","type":"CREATE_FUNCTION","request":{"@type":"type.googleapis.com/google.cloud.functions.v1.CloudFunction","name":"projects/bmunz-316708/locations/us-central1/functions/dialogflowGateway","httpsTrigger":{"securityLevel":"SECURE_OPTIONAL"},"entryPoint":"dialogflowGateway","labels":{"deployment-tool":"cli-firebase"},"sourceUploadUrl":"https://storage.googleapis.com/gcf-upload-us-central1-f227c219-eca1-45cc-9619-949c25aa64c7/a0da8608-5653-45d0-a789-3fa874156ef3.zip?GoogleAccessId=service-27019357247@gcf-admin-robot.iam.gserviceaccount.com&Expires=1623916922&Signature=Cil1EPD2l9fGwgtUzZM29nN8ZpEo7HF9Hdi692pAtAW3sdJ9jQAKLXZl8fvwc4pss%2FakK4PYQtZ%2Bv1enDA77ka5Z6XyjifreXSzi2PQydvvKXORydGx%2BIzTn8phzkn32icTe37cBlVv4jeRLMYz0SIrDRiV8GELxmtqZ1IVJ7HBbJo7i%2B3I2CPfE2LmVJtW3OBqKr5E26NSodwyEbDxiihA0jTOfU%2FBbBuF9Hmu%2BlytlWHjFTUouF89TfgAMJsa5m1gvthLGI1G1SzTD9nUSY7%2Bv2kfO1RSSSqBtfIDeHTpxLQp7FpHxq%2FJUXSThmI%2BIfLIbFNNk8HLGgJe%2FXt1pOw%3D%3D","environmentVariables":{"FIREBASE_CONFIG":"{\"projectId\":\"bmunz-316708\",\"storageBucket\":\"bmunz-316708.appspot.com\"}"},"runtime":"nodejs14"},"versionId":"1","updateTime":"2021-06-17T07:32:05Z","buildId":"87e530f4-5f61-4537-8125-aa965de97f51","buildName":"projects/27019357247/locations/us-central1/builds/87e530f4-5f61-4537-8125-aa965de97f51"}}
[debug] [2021-06-17T07:32:10.936Z] [create-projects/bmunz-316708/locations/us-central1/functions/dialogflowGateway] Retrying task index 0
[debug] [2021-06-17T07:32:10.936Z] >>> [apiv2][query] GET https://cloudfunctions.googleapis.com/v1/operations/Ym11bnotMzE2NzA4L3VzLWNlbnRyYWwxL2RpYWxvZ2Zsb3dHYXRld2F5L3RHc1FObUVGMjBv [none]
[debug] [2021-06-17T07:32:11.636Z] <<< [apiv2][status] GET https://cloudfunctions.googleapis.com/v1/operations/Ym11bnotMzE2NzA4L3VzLWNlbnRyYWwxL2RpYWxvZ2Zsb3dHYXRld2F5L3RHc1FObUVGMjBv 200
[debug] [2021-06-17T07:32:11.636Z] <<< [apiv2][body] GET https://cloudfunctions.googleapis.com/v1/operations/Ym11bnotMzE2NzA4L3VzLWNlbnRyYWwxL2RpYWxvZ2Zsb3dHYXRld2F5L3RHc1FObUVGMjBv {"name":"operations/Ym11bnotMzE2NzA4L3VzLWNlbnRyYWwxL2RpYWxvZ2Zsb3dHYXRld2F5L3RHc1FObUVGMjBv","metadata":{"@type":"type.googleapis.com/google.cloud.functions.v1.OperationMetadataV1","target":"projects/bmunz-316708/locations/us-central1/functions/dialogflowGateway","type":"CREATE_FUNCTION","request":{"@type":"type.googleapis.com/google.cloud.functions.v1.CloudFunction","name":"projects/bmunz-316708/locations/us-central1/functions/dialogflowGateway","httpsTrigger":{"securityLevel":"SECURE_OPTIONAL"},"entryPoint":"dialogflowGateway","labels":{"deployment-tool":"cli-firebase"},"sourceUploadUrl":"https://storage.googleapis.com/gcf-upload-us-central1-f227c219-eca1-45cc-9619-949c25aa64c7/a0da8608-5653-45d0-a789-3fa874156ef3.zip?GoogleAccessId=service-27019357247@gcf-admin-robot.iam.gserviceaccount.com&Expires=1623916922&Signature=Cil1EPD2l9fGwgtUzZM29nN8ZpEo7HF9Hdi692pAtAW3sdJ9jQAKLXZl8fvwc4pss%2FakK4PYQtZ%2Bv1enDA77ka5Z6XyjifreXSzi2PQydvvKXORydGx%2BIzTn8phzkn32icTe37cBlVv4jeRLMYz0SIrDRiV8GELxmtqZ1IVJ7HBbJo7i%2B3I2CPfE2LmVJtW3OBqKr5E26NSodwyEbDxiihA0jTOfU%2FBbBuF9Hmu%2BlytlWHjFTUouF89TfgAMJsa5m1gvthLGI1G1SzTD9nUSY7%2Bv2kfO1RSSSqBtfIDeHTpxLQp7FpHxq%2FJUXSThmI%2BIfLIbFNNk8HLGgJe%2FXt1pOw%3D%3D","environmentVariables":{"FIREBASE_CONFIG":"{\"projectId\":\"bmunz-316708\",\"storageBucket\":\"bmunz-316708.appspot.com\"}"},"runtime":"nodejs14"},"versionId":"1","updateTime":"2021-06-17T07:32:05Z","buildId":"87e530f4-5f61-4537-8125-aa965de97f51","buildName":"projects/27019357247/locations/us-central1/builds/87e530f4-5f61-4537-8125-aa965de97f51"}}
[debug] [2021-06-17T07:32:15.638Z] [create-projects/bmunz-316708/locations/us-central1/functions/dialogflowGateway] Retrying task index 0
[debug] [2021-06-17T07:32:15.638Z] >>> [apiv2][query] GET https://cloudfunctions.googleapis.com/v1/operations/Ym11bnotMzE2NzA4L3VzLWNlbnRyYWwxL2RpYWxvZ2Zsb3dHYXRld2F5L3RHc1FObUVGMjBv [none]
[debug] [2021-06-17T07:32:16.233Z] <<< [apiv2][status] GET https://cloudfunctions.googleapis.com/v1/operations/Ym11bnotMzE2NzA4L3VzLWNlbnRyYWwxL2RpYWxvZ2Zsb3dHYXRld2F5L3RHc1FObUVGMjBv 200
[debug] [2021-06-17T07:32:16.234Z] <<< [apiv2][body] GET https://cloudfunctions.googleapis.com/v1/operations/Ym11bnotMzE2NzA4L3VzLWNlbnRyYWwxL2RpYWxvZ2Zsb3dHYXRld2F5L3RHc1FObUVGMjBv {"name":"operations/Ym11bnotMzE2NzA4L3VzLWNlbnRyYWwxL2RpYWxvZ2Zsb3dHYXRld2F5L3RHc1FObUVGMjBv","metadata":{"@type":"type.googleapis.com/google.cloud.functions.v1.OperationMetadataV1","target":"projects/bmunz-316708/locations/us-central1/functions/dialogflowGateway","type":"CREATE_FUNCTION","request":{"@type":"type.googleapis.com/google.cloud.functions.v1.CloudFunction","name":"projects/bmunz-316708/locations/us-central1/functions/dialogflowGateway","httpsTrigger":{"securityLevel":"SECURE_OPTIONAL"},"entryPoint":"dialogflowGateway","labels":{"deployment-tool":"cli-firebase"},"sourceUploadUrl":"https://storage.googleapis.com/gcf-upload-us-central1-f227c219-eca1-45cc-9619-949c25aa64c7/a0da8608-5653-45d0-a789-3fa874156ef3.zip?GoogleAccessId=service-27019357247@gcf-admin-robot.iam.gserviceaccount.com&Expires=1623916922&Signature=Cil1EPD2l9fGwgtUzZM29nN8ZpEo7HF9Hdi692pAtAW3sdJ9jQAKLXZl8fvwc4pss%2FakK4PYQtZ%2Bv1enDA77ka5Z6XyjifreXSzi2PQydvvKXORydGx%2BIzTn8phzkn32icTe37cBlVv4jeRLMYz0SIrDRiV8GELxmtqZ1IVJ7HBbJo7i%2B3I2CPfE2LmVJtW3OBqKr5E26NSodwyEbDxiihA0jTOfU%2FBbBuF9Hmu%2BlytlWHjFTUouF89TfgAMJsa5m1gvthLGI1G1SzTD9nUSY7%2Bv2kfO1RSSSqBtfIDeHTpxLQp7FpHxq%2FJUXSThmI%2BIfLIbFNNk8HLGgJe%2FXt1pOw%3D%3D","environmentVariables":{"FIREBASE_CONFIG":"{\"projectId\":\"bmunz-316708\",\"storageBucket\":\"bmunz-316708.appspot.com\"}"},"runtime":"nodejs14"},"versionId":"1","updateTime":"2021-06-17T07:32:05Z","buildId":"87e530f4-5f61-4537-8125-aa965de97f51","buildName":"projects/27019357247/locations/us-central1/builds/87e530f4-5f61-4537-8125-aa965de97f51"}}
